2024-01-08 11:27:54,403 - Timestamp: 2024-01-08 11:27:54, Added SN: DL062038
2024-01-08 11:27:54,976 - Timestamp: 2024-01-08 11:27:54, Added SN: DL062040
2024-01-08 11:27:55,172 - Timestamp: 2024-01-08 11:27:55, Added SN: DL062044
2024-01-08 11:27:55,408 - Timestamp: 2024-01-08 11:27:55, Added SN: DL062046
2024-01-08 11:33:05,917 - SN added: DL061947
2024-01-08 11:33:06,460 - SN added: DL061946
2024-01-08 11:33:07,187 - SN added: DL061985
2024-01-08 11:33:07,516 - SN added: DL061986
2024-01-08 11:33:07,747 - SN added: DL062014
2024-01-08 13:37:15,897 - Executable Version: Version information not available
2024-01-08 13:37:15,898 - Error: Invalid information in Config file.
2024-01-08 13:38:14,068 - Executable Version: Version information not available
2024-01-08 13:38:14,070 - Error: Invalid information in Config file.
2024-01-08 13:48:32,621 - Executable Version: Version information not available
2024-01-08 13:48:32,621 - Error: Invalid information in Config file.
2024-01-08 13:49:18,934 - Executable Version: Version information not available
2024-01-08 13:50:55,735 - Executable Version: Version information not available
2024-01-08 13:53:17,071 - Executable Version: Version information not available
2024-01-08 13:54:06,818 - Error: Invalid information in Config file.
2024-01-08 13:55:22,465 - Executable Version: Version information not available
2024-01-08 13:59:13,111 - Executable Version: Version information not available
2024-01-08 14:07:18,277 - Executable Version: Version information not available
2024-01-08 14:09:37,648 - Executable Version: 1.0
